<?xml version="1.0" encoding="UTF-8"?>
<testng-results ignored="0" total="1" passed="1" failed="0" skipped="0">
  <reporter-output>
  </reporter-output>
  <suite started-at="2021-05-07T00:41:23 IST" name="helloworld_arpit.Testhelloworld" finished-at="2021-05-07T00:41:23 IST" duration-ms="54">
    <groups>
    </groups>
    <test started-at="2021-05-07T00:41:23 IST" name="Command line test" finished-at="2021-05-07T00:41:23 IST" duration-ms="54">
      <class name="helloworld_arpit.Testhelloworld">
        <test-method signature="testhelloworld()[pri:0, instance:helloworld_arpit.Testhelloworld@7722c3c3]" started-at="2021-05-07T00:41:23 IST" name="testhelloworld" finished-at="2021-05-07T00:41:23 IST" duration-ms="5" status="PASS">
          <reporter-output>
          </reporter-output>
        </test-method> <!-- testhelloworld -->
      </class> <!-- helloworld_arpit.Testhelloworld -->
    </test> <!-- Command line test -->
  </suite> <!-- helloworld_arpit.Testhelloworld -->
</testng-results>
